app/build/outputs/logs/manifest-merger-debug-report.txt
-- Merging decision tree log ---
manifest
ADDED from src\main\AndroidManifest.xml:2:1-87:12
	package
		ADDED from src\main\AndroidManifest.xml:3:5-37
		INJECTED from src\main\AndroidManifest.xml
		INJECTED from src\main\AndroidManifest.xml
	android:versionName
		ADDED from src\main\AndroidManifest.xml:5:5-30
		INJECTED from src\main\AndroidManifest.xml
		INJECTED from src\main\AndroidManifest.xml
	android:versionCode
		ADDED from src\main\AndroidManifest.xml:4:5-28
		INJECTED from src\main\AndroidManifest.xml
		INJECTED from src\main\AndroidManifest.xml
	xmlns:android
		ADDED from src\main\AndroidManifest.xml:2:11-69
uses-permission#android.permission.WRITE_INTERNAL_STORAGE
ADDED from src\main\AndroidManifest.xml:7:5-81
	android:name
		ADDED from src\main\AndroidManifest.xml:7:22-78
uses-permission#android.permission.WRITE_EXTERNAL_STORAGE
ADDED from src\main\AndroidManifest.xml:8:5-81
	android:name
		ADDED from src\main\AndroidManifest.xml:8:22-78
application
ADDED from src\main\AndroidManifest.xml:10:5-85:19
MERGED from [com.android.support:appcompat-v7:22.2.1] AndroidManifest.xml:22:5-20
MERGED from [com.android.support:support-v4:22.2.1] AndroidManifest.xml:22:5-20
MERGED from [com.android.support:design:22.2.1] AndroidManifest.xml:22:5-20
MERGED from [com.android.support:appcompat-v7:22.2.1] AndroidManifest.xml:22:5-20
MERGED from [com.android.support:support-v4:22.2.1] AndroidManifest.xml:22:5-20
MERGED from [com.android.support:support-v4:22.2.1] AndroidManifest.xml:22:5-20
MERGED from [com.paypal.sdk:paypal-android-sdk:2.13.3] AndroidManifest.xml:12:5-26:19
MERGED from [io.card:android-sdk:5.3.0] AndroidManifest.xml:21:5-26:19
	android:label
		ADDED from src\main\AndroidManifest.xml:12:9-33
	android:icon
		ADDED from src\main\AndroidManifest.xml:11:9-45
	android:theme
		ADDED from src\main\AndroidManifest.xml:13:9-74
activity#com.huskybits.alex.mdm.MainScreenActivity
ADDED from src\main\AndroidManifest.xml:14:9-24:20
	android:screenOrientation
		ADDED from src\main\AndroidManifest.xml:18:13-49
	android:label
		ADDED from src\main\AndroidManifest.xml:16:13-37
	android:configChanges
		ADDED from src\main\AndroidManifest.xml:17:13-48
	android:name
		ADDED from src\main\AndroidManifest.xml:15:13-47
intent-filter#android.intent.action.MAIN+android.intent.category.LAUNCHER
ADDED from src\main\AndroidManifest.xml:19:13-23:29
action#android.intent.action.MAIN
ADDED from src\main\AndroidManifest.xml:20:17-69
	android:name
		ADDED from src\main\AndroidManifest.xml:20:25-66
category#android.intent.category.LAUNCHER
ADDED from src\main\AndroidManifest.xml:22:17-77
	android:name
		ADDED from src\main\AndroidManifest.xml:22:27-74
activity#com.huskybits.alex.mdm.CustomDrinkActivity
ADDED from src\main\AndroidManifest.xml:45:9-50:20
	android:screenOrientation
		ADDED from src\main\AndroidManifest.xml:49:13-49
	android:label
		ADDED from src\main\AndroidManifest.xml:47:13-41
	android:configChanges
		ADDED from src\main\AndroidManifest.xml:48:13-48
	android:name
		ADDED from src\main\AndroidManifest.xml:46:13-48
activity#com.huskybits.alex.mdm.SummaryActivity
ADDED from src\main\AndroidManifest.xml:53:9-58:20
	android:screenOrientation
		ADDED from src\main\AndroidManifest.xml:57:13-49
	android:label
		ADDED from src\main\AndroidManifest.xml:55:13-42
	android:configChanges
		ADDED from src\main\AndroidManifest.xml:56:13-48
	android:name
		ADDED from src\main\AndroidManifest.xml:54:13-44
activity#com.huskybits.alex.mdm.PaymentActivity
ADDED from src\main\AndroidManifest.xml:61:9-66:20
	android:screenOrientation
		ADDED from src\main\AndroidManifest.xml:65:13-49
	android:label
		ADDED from src\main\AndroidManifest.xml:63:13-39
	android:configChanges
		ADDED from src\main\AndroidManifest.xml:64:13-48
	android:name
		ADDED from src\main\AndroidManifest.xml:62:13-44
activity#com.huskybits.alex.mdm.QRCode.GenerateQRCodeActivity
ADDED from src\main\AndroidManifest.xml:71:9-76:20
	android:screenOrientation
		ADDED from src\main\AndroidManifest.xml:75:13-49
	android:label
		ADDED from src\main\AndroidManifest.xml:73:13-54
	android:configChanges
		ADDED from src\main\AndroidManifest.xml:74:13-48
	android:name
		ADDED from src\main\AndroidManifest.xml:72:13-58
uses-sdk
INJECTED from src\main\AndroidManifest.xml reason: use-sdk injection requested
MERGED from [com.android.support:appcompat-v7:22.2.1] AndroidManifest.xml:20:5-43
MERGED from [com.android.support:support-v4:22.2.1] AndroidManifest.xml:20:5-43
MERGED from [com.android.support:design:22.2.1] AndroidManifest.xml:20:5-43
MERGED from [com.android.support:appcompat-v7:22.2.1] AndroidManifest.xml:20:5-43
MERGED from [com.android.support:support-v4:22.2.1] AndroidManifest.xml:20:5-43
MERGED from [com.android.support:support-v4:22.2.1] AndroidManifest.xml:20:5-43
MERGED from [com.paypal.sdk:paypal-android-sdk:2.13.3] AndroidManifest.xml:5:5-7:41
MERGED from [io.card:android-sdk:5.3.0] AndroidManifest.xml:7:5-9:41
	android:targetSdkVersion
		INJECTED from src\main\AndroidManifest.xml
		INJECTED from src\main\AndroidManifest.xml
	android:minSdkVersion
		INJECTED from src\main\AndroidManifest.xml
		INJECTED from src\main\AndroidManifest.xml
uses-permission#android.permission.ACCESS_NETWORK_STATE
ADDED from [com.paypal.sdk:paypal-android-sdk:2.13.3] AndroidManifest.xml:9:5-79
	android:name
		ADDED from [com.paypal.sdk:paypal-android-sdk:2.13.3] AndroidManifest.xml:9:22-76
uses-permission#android.permission.INTERNET
ADDED from [com.paypal.sdk:paypal-android-sdk:2.13.3] AndroidManifest.xml:10:5-67
	android:name
		ADDED from [com.paypal.sdk:paypal-android-sdk:2.13.3] AndroidManifest.xml:10:22-64
activity#com.paypal.android.sdk.payments.PaymentActivity
ADDED from [com.paypal.sdk:paypal-android-sdk:2.13.3] AndroidManifest.xml:13:9-84
	android:name
		ADDED from [com.paypal.sdk:paypal-android-sdk:2.13.3] AndroidManifest.xml:13:19-81
activity#com.paypal.android.sdk.payments.PaymentMethodActivity
ADDED from [com.paypal.sdk:paypal-android-sdk:2.13.3] AndroidManifest.xml:14:9-90
	android:name
		ADDED from [com.paypal.sdk:paypal-android-sdk:2.13.3] AndroidManifest.xml:14:19-87
activity#com.paypal.android.sdk.payments.PaymentConfirmActivity
ADDED from [com.paypal.sdk:paypal-android-sdk:2.13.3] AndroidManifest.xml:15:9-91
	android:name
		ADDED from [com.paypal.sdk:paypal-android-sdk:2.13.3] AndroidManifest.xml:15:19-88
activity#com.paypal.android.sdk.payments.LoginActivity
ADDED from [com.paypal.sdk:paypal-android-sdk:2.13.3] AndroidManifest.xml:16:9-82
	android:name
		ADDED from [com.paypal.sdk:paypal-android-sdk:2.13.3] AndroidManifest.xml:16:19-79
activity#com.paypal.android.sdk.payments.PayPalFuturePaymentActivity
ADDED from [com.paypal.sdk:paypal-android-sdk:2.13.3] AndroidManifest.xml:17:9-96
	android:name
		ADDED from [com.paypal.sdk:paypal-android-sdk:2.13.3] AndroidManifest.xml:17:19-93
activity#com.paypal.android.sdk.payments.FuturePaymentConsentActivity
ADDED from [com.paypal.sdk:paypal-android-sdk:2.13.3] AndroidManifest.xml:18:9-97
	android:name
		ADDED from [com.paypal.sdk:paypal-android-sdk:2.13.3] AndroidManifest.xml:18:19-94
activity#com.paypal.android.sdk.payments.FuturePaymentInfoActivity
ADDED from [com.paypal.sdk:paypal-android-sdk:2.13.3] AndroidManifest.xml:19:9-94
	android:name
		ADDED from [com.paypal.sdk:paypal-android-sdk:2.13.3] AndroidManifest.xml:19:19-91
activity#com.paypal.android.sdk.payments.PayPalProfileSharingActivity
ADDED from [com.paypal.sdk:paypal-android-sdk:2.13.3] AndroidManifest.xml:20:9-97
	android:name
		ADDED from [com.paypal.sdk:paypal-android-sdk:2.13.3] AndroidManifest.xml:20:19-94
activity#com.paypal.android.sdk.payments.ProfileSharingConsentActivity
ADDED from [com.paypal.sdk:paypal-android-sdk:2.13.3] AndroidManifest.xml:21:9-98
	android:name
		ADDED from [com.paypal.sdk:paypal-android-sdk:2.13.3] AndroidManifest.xml:21:19-95
service#com.paypal.android.sdk.payments.PayPalService
ADDED from [com.paypal.sdk:paypal-android-sdk:2.13.3] AndroidManifest.xml:23:9-25:40
	android:exported
		ADDED from [com.paypal.sdk:paypal-android-sdk:2.13.3] AndroidManifest.xml:25:13-37
	android:name
		ADDED from [com.paypal.sdk:paypal-android-sdk:2.13.3] AndroidManifest.xml:24:13-73
uses-permission#android.permission.CAMERA
ADDED from [io.card:android-sdk:5.3.0] AndroidManifest.xml:11:5-65
	android:name
		ADDED from [io.card:android-sdk:5.3.0] AndroidManifest.xml:11:22-62
uses-permission#android.permission.VIBRATE
ADDED from [io.card:android-sdk:5.3.0] AndroidManifest.xml:12:5-66
	android:name
		ADDED from [io.card:android-sdk:5.3.0] AndroidManifest.xml:12:22-63
uses-feature#android.hardware.camera
ADDED from [io.card:android-sdk:5.3.0] AndroidManifest.xml:14:5-16:36
	android:required
		ADDED from [io.card:android-sdk:5.3.0] AndroidManifest.xml:16:9-33
	android:name
		ADDED from [io.card:android-sdk:5.3.0] AndroidManifest.xml:15:9-47
uses-feature#android.hardware.camera.autofocus
ADDED from [io.card:android-sdk:5.3.0] AndroidManifest.xml:17:5-19:36
	android:required
		ADDED from [io.card:android-sdk:5.3.0] AndroidManifest.xml:19:9-33
	android:name
		ADDED from [io.card:android-sdk:5.3.0] AndroidManifest.xml:18:9-57
activity#io.card.payment.CardIOActivity
ADDED from [io.card:android-sdk:5.3.0] AndroidManifest.xml:22:9-24:66
	android:configChanges
		ADDED from [io.card:android-sdk:5.3.0] AndroidManifest.xml:24:13-63
	android:name
		ADDED from [io.card:android-sdk:5.3.0] AndroidManifest.xml:23:13-58
activity#io.card.payment.DataEntryActivity
ADDED from [io.card:android-sdk:5.3.0] AndroidManifest.xml:25:9-70
	android:name
		ADDED from [io.card:android-sdk:5.3.0] AndroidManifest.xml:25:19-67